0 verbose cli C:\Program Files\nodejs\node.exe C:\Program Files\nodejs\node_modules\npm\bin\npm-cli.js
1 info using npm@11.9.0
2 info using node@v24.14.0
3 silly config load:file:C:\Program Files\nodejs\node_modules\npm\npmrc
4 silly config load:file:C:\Users\pc\.npmrc
5 silly config load:file:C:\Users\pc\AppData\Roaming\npm\etc\npmrc
6 verbose title npm install surge
7 verbose argv "install" "--global" "surge"
8 verbose logfile logs-max:10 dir:C:\Users\pc\Desktop\dealna ai\.npm-cache\_logs\2026-03-16T00_06_53_751Z-
9 verbose logfile C:\Users\pc\Desktop\dealna ai\.npm-cache\_logs\2026-03-16T00_06_53_751Z-debug-0.log
10 silly packumentCache heap:4496293888 maxSize:1124073472 maxEntrySize:562036736
11 silly logfile done cleaning log files
12 silly idealTree buildDeps
13 silly fetch manifest surge@*
14 silly packumentCache full:https://registry.npmjs.org/surge cache-miss
15 http fetch GET https://registry.npmjs.org/npm attempt 1 failed with EACCES
16 http fetch GET https://registry.npmjs.org/surge attempt 1 failed with EACCES
17 http fetch GET https://registry.npmjs.org/npm attempt 2 failed with EACCES
18 http fetch GET https://registry.npmjs.org/surge attempt 2 failed with EACCES
19 http fetch GET https://registry.npmjs.org/npm attempt 3 failed with EACCES
20 http fetch GET https://registry.npmjs.org/surge attempt 3 failed with EACCES
21 silly placeDep ROOT surge@ OK for:  want: *
22 verbose type system
23 verbose stack FetchError: request to https://registry.npmjs.org/surge failed, reason: 
23 verbose stack     at ClientRequest.<anonymous> (C:\Program Files\nodejs\node_modules\npm\node_modules\minipass-fetch\lib\index.js:130:14)
23 verbose stack     at ClientRequest.emit (node:events:508:28)
23 verbose stack     at emitErrorEvent (node:_http_client:108:11)
23 verbose stack     at _destroy (node:_http_client:963:9)
23 verbose stack     at onSocketNT (node:_http_client:983:5)
23 verbose stack     at process.processTicksAndRejections (node:internal/process/task_queues:91:21)
24 error code EACCES
25 error errno EACCES
26 error FetchError: request to https://registry.npmjs.org/surge failed, reason: 
26 error     at ClientRequest.<anonymous> (C:\Program Files\nodejs\node_modules\npm\node_modules\minipass-fetch\lib\index.js:130:14)
26 error     at ClientRequest.emit (node:events:508:28)
26 error     at emitErrorEvent (node:_http_client:108:11)
26 error     at _destroy (node:_http_client:963:9)
26 error     at onSocketNT (node:_http_client:983:5)
26 error     at process.processTicksAndRejections (node:internal/process/task_queues:91:21) {
26 error   code: 'EACCES',
26 error   errno: 'EACCES',
26 error   type: 'system',
26 error   requiredBy: '.'
26 error }
27 error
27 error The operation was rejected by your operating system.
27 error It's possible that the file was already in use (by a text editor or antivirus),
27 error or that you lack permissions to access it.
27 error
27 error If you believe this might be a permissions issue, please double-check the
27 error permissions of the file and its containing directories, or try running
27 error the command again as root/Administrator.
28 silly unfinished npm timer reify 1773619616847
29 silly unfinished npm timer reify:loadTrees 1773619616962
30 verbose cwd C:\Users\pc\Desktop\dealna ai
31 verbose os Windows_NT 10.0.26200
32 verbose node v24.14.0
33 verbose npm  v11.9.0
34 verbose exit 1
35 verbose code 1
36 error A complete log of this run can be found in: C:\Users\pc\Desktop\dealna ai\.npm-cache\_logs\2026-03-16T00_06_53_751Z-debug-0.log
